[02dez.2025 22:16:40.585] [main/INFO] [net.neoforged.fml.startup.Entrypoint/]: JVM Uptime at startup: 164ms
[02dez.2025 22:16:40.598] [main/INFO] [net.neoforged.fml.loading.FMLLoader/]: Starting FancyModLoader version 10.0.32 (DEDICATED_SERVER in PROD)
[02dez.2025 22:16:40.599] [main/INFO] [net.neoforged.fml.loading.FMLLoader/]: Game directory: C:\Users\pedro\OneDrive\Área de Trabalho\server_mine\minecraft-servidor-01\server
[02dez.2025 22:16:40.601] [main/DEBUG] [net.neoforged.fml.loading.FMLPaths/CORE]: Path GAMEDIR is C:\Users\pedro\OneDrive\Área de Trabalho\server_mine\minecraft-servidor-01\server
[02dez.2025 22:16:40.601] [main/DEBUG] [net.neoforged.fml.loading.FMLPaths/CORE]: Path JIJ_CACHEDIR is C:\Users\pedro\OneDrive\Área de Trabalho\server_mine\minecraft-servidor-01\server\.cache\jij
[02dez.2025 22:16:40.603] [main/DEBUG] [net.neoforged.fml.loading.FMLPaths/CORE]: Path MODSDIR is C:\Users\pedro\OneDrive\Área de Trabalho\server_mine\minecraft-servidor-01\server\mods
[02dez.2025 22:16:40.603] [main/DEBUG] [net.neoforged.fml.loading.FMLPaths/CORE]: Path CONFIGDIR is C:\Users\pedro\OneDrive\Área de Trabalho\server_mine\minecraft-servidor-01\server\config
[02dez.2025 22:16:40.603] [main/DEBUG] [net.neoforged.fml.loading.FMLPaths/CORE]: Path FMLCONFIG is C:\Users\pedro\OneDrive\Área de Trabalho\server_mine\minecraft-servidor-01\server\config\fml.toml
[02dez.2025 22:16:40.656] [ForkJoinPool.commonPool-worker-1/DEBUG] [net.neoforged.fml.loading.EarlyServiceDiscovery/]: libraries\net\neoforged\fancymodloader\loader\10.0.32\loader-10.0.32.jar contains early service net.neoforged.neoforgespi.locating.IDependencyLocator
[02dez.2025 22:16:40.656] [ForkJoinPool.commonPool-worker-5/DEBUG] [net.neoforged.fml.loading.EarlyServiceDiscovery/]: libraries\net\neoforged\fancymodloader\earlydisplay\10.0.32\earlydisplay-10.0.32.jar contains early service net.neoforged.neoforgespi.earlywindow.ImmediateWindowProvider
[02dez.2025 22:16:40.671] [ForkJoinPool.commonPool-worker-1/DEBUG] [net.neoforged.fml.loading.moddiscovery.ModFile/LOADING]: Loading mod file libraries\net\neoforged\fancymodloader\loader\10.0.32\loader-10.0.32.jar with languages []
[02dez.2025 22:16:40.671] [ForkJoinPool.commonPool-worker-5/DEBUG] [net.neoforged.fml.loading.moddiscovery.ModFile/LOADING]: Loading mod file libraries\net\neoforged\fancymodloader\earlydisplay\10.0.32\earlydisplay-10.0.32.jar with languages []
[02dez.2025 22:16:40.675] [main/INFO] [net.neoforged.fml.loading.EarlyServiceDiscovery/]: Found 2 early service jars (out of 74) in 30ms
[02dez.2025 22:16:40.676] [main/INFO] [net.neoforged.fml.loading.FMLLoader/]: Loading FML Early Services:
[02dez.2025 22:16:40.677] [main/INFO] [net.neoforged.fml.loading.FMLLoader/]:  - libraries/net/neoforged/fancymodloader/loader/10.0.32/loader-10.0.32.jar
[02dez.2025 22:16:40.678] [main/INFO] [net.neoforged.fml.loading.FMLLoader/]:  - libraries/net/neoforged/fancymodloader/earlydisplay/10.0.32/earlydisplay-10.0.32.jar
[02dez.2025 22:16:40.684] [main/DEBUG] [net.neoforged.fml.util.ServiceLoaderUtil/CORE]: Found 0 implementations of GraphicsBootstrapper:
[02dez.2025 22:16:40.685] [main/INFO] [net.neoforged.fml.loading.ImmediateWindowHandler/]: Not loading early display in headless mode.
[02dez.2025 22:16:40.690] [main/DEBUG] [net.neoforged.fml.util.ServiceLoaderUtil/CORE]: Found 4 implementations of IModFileCandidateLocator:
[02dez.2025 22:16:40.695] [main/DEBUG] [net.neoforged.fml.util.ServiceLoaderUtil/CORE]: 	    1000 - [built-in] net.neoforged.fml.loading.moddiscovery.locators.GameLocator from libraries/net/neoforged/fancymodloader/loader/10.0.32/loader-10.0.32.jar
[02dez.2025 22:16:40.695] [main/DEBUG] [net.neoforged.fml.util.ServiceLoaderUtil/CORE]: 	    1000 - [built-in] net.neoforged.fml.loading.moddiscovery.locators.InDevFolderLocator from libraries/net/neoforged/fancymodloader/loader/10.0.32/loader-10.0.32.jar
[02dez.2025 22:16:40.696] [main/DEBUG] [net.neoforged.fml.util.ServiceLoaderUtil/CORE]: 	    1000 - [built-in] net.neoforged.fml.loading.moddiscovery.locators.InDevJarLocator from libraries/net/neoforged/fancymodloader/loader/10.0.32/loader-10.0.32.jar
[02dez.2025 22:16:40.696] [main/DEBUG] [net.neoforged.fml.util.ServiceLoaderUtil/CORE]: 	       0 - [built-in] net.neoforged.fml.loading.moddiscovery.locators.ModsFolderLocator from libraries/net/neoforged/fancymodloader/loader/10.0.32/loader-10.0.32.jar
[02dez.2025 22:16:40.698] [main/DEBUG] [net.neoforged.fml.util.ServiceLoaderUtil/CORE]: Found 2 implementations of IModFileReader:
[02dez.2025 22:16:40.699] [main/DEBUG] [net.neoforged.fml.util.ServiceLoaderUtil/CORE]: 	       0 - net.neoforged.fml.loading.moddiscovery.readers.JarModsDotTomlModFileReader from libraries/net/neoforged/fancymodloader/loader/10.0.32/loader-10.0.32.jar
[02dez.2025 22:16:40.699] [main/DEBUG] [net.neoforged.fml.util.ServiceLoaderUtil/CORE]: 	   -1000 - net.neoforged.fml.loading.moddiscovery.readers.NestedLibraryModReader from libraries/net/neoforged/fancymodloader/loader/10.0.32/loader-10.0.32.jar
[02dez.2025 22:16:40.702] [main/DEBUG] [net.neoforged.fml.util.ServiceLoaderUtil/CORE]: Found 1 implementations of IDependencyLocator:
[02dez.2025 22:16:40.702] [main/DEBUG] [net.neoforged.fml.util.ServiceLoaderUtil/CORE]: 	       0 - net.neoforged.fml.loading.moddiscovery.locators.JarInJarDependencyLocator from libraries/net/neoforged/fancymodloader/loader/10.0.32/loader-10.0.32.jar
[02dez.2025 22:16:40.716] [main/INFO] [net.neoforged.fml.loading.moddiscovery.locators.GameLocator/]: Failed to find common Minecraft classes and resources on the classpath. Assuming we're launching production.
[02dez.2025 22:16:40.725] [main/DEBUG] [net.neoforged.fml.loading.moddiscovery.ModFileParser/LOADING]: Considering mod file candidate libraries\net\neoforged\minecraft-server-patched\21.10.63\minecraft-server-patched-21.10.63.jar
[02dez.2025 22:16:40.745] [main/DEBUG] [net.neoforged.fml.loading.moddiscovery.ModFileInfo/LOADING]: Found valid mod file minecraft-server-patched-21.10.63.jar with {minecraft} mods - versions {1.21.10}
[02dez.2025 22:16:40.751] [main/DEBUG] [net.neoforged.fml.loading.moddiscovery.ModFile/LOADING]: Loading mod file libraries\net\neoforged\minecraft-server-patched\21.10.63\minecraft-server-patched-21.10.63.jar with languages [LanguageSpec[languageName=minecraft, acceptedVersions=null]]
[02dez.2025 22:16:40.754] [main/DEBUG] [net.neoforged.fml.loading.moddiscovery.ModFileParser/LOADING]: Considering mod file candidate libraries\net\neoforged\neoforge\21.10.63\neoforge-21.10.63-universal.jar
[02dez.2025 22:16:40.757] [main/DEBUG] [net.neoforged.fml.loading.moddiscovery.ModFileInfo/LOADING]: Found valid mod file neoforge-21.10.63-universal.jar with {neoforge} mods - versions {21.10.63}
[02dez.2025 22:16:40.758] [main/DEBUG] [net.neoforged.fml.loading.moddiscovery.ModFile/LOADING]: Loading mod file libraries\net\neoforged\neoforge\21.10.63\neoforge-21.10.63-universal.jar with languages [LanguageSpec[languageName=javafml, acceptedVersions=[3,]]]
[02dez.2025 22:16:40.759] [main/DEBUG] [net.neoforged.fml.loading.moddiscovery.ModFile/LOADING]: Found mixin config MixinConfig[config=neoforge.mixins.json, requiredMods=[], behaviorVersion=null]
[02dez.2025 22:16:40.784] [main/DEBUG] [net.neoforged.fml.loading.moddiscovery.ModFileParser/LOADING]: Considering mod file candidate C:\Users\pedro\OneDrive\Área de Trabalho\server_mine\minecraft-servidor-01\server\mods\FallingTree-1.21.10-1.21.10.1.jar
[02dez.2025 22:16:40.788] [main/DEBUG] [net.neoforged.fml.loading.moddiscovery.ModFileInfo/LOADING]: Found valid mod file FallingTree-1.21.10-1.21.10.1.jar with {fallingtree} mods - versions {1.21.10.1}
[02dez.2025 22:16:40.788] [main/DEBUG] [net.neoforged.fml.loading.moddiscovery.ModFile/LOADING]: Loading mod file C:\Users\pedro\OneDrive\Área de Trabalho\server_mine\minecraft-servidor-01\server\mods\FallingTree-1.21.10-1.21.10.1.jar with languages [LanguageSpec[languageName=null, acceptedVersions=null]]
[02dez.2025 22:16:40.904] [main/DEBUG] [net.neoforged.fml.loading.moddiscovery.ModFile/LOADING]: Loading mod file C:\Users\pedro\OneDrive\Área de Trabalho\server_mine\minecraft-servidor-01\server\.cache\jij\9c617719248f8b89847348fc7ea5e705739c147ae5e172551264d225bc9f2507\mixinextras-neoforge-0.5.0.jar with languages []
[02dez.2025 22:16:40.907] [main/DEBUG] [net.neoforged.fml.loading.moddiscovery.ModFile/LOADING]: Loading mod file C:\Users\pedro\OneDrive\Área de Trabalho\server_mine\minecraft-servidor-01\server\.cache\jij\51629231fe2baaddd60d570ef06ada2b2f1fe8a34133e63afdd748b9ef93f9f1\net.neoforged.neoforge-coremods-21.10.63.jar with languages []
[02dez.2025 22:16:40.942] [main/INFO] [net.neoforged.fml.loading.moddiscovery.locators.JarInJarDependencyLocator/]: Found 2 dependencies adding them to mods collection
[02dez.2025 22:16:40.945] [main/INFO] [net.neoforged.fml.loading.moddiscovery.ModDiscoverer/]: 
     Mod List:
		Name Version (Mod Id)

		FallingTree 1.21.10.1 (fallingtree)
		Minecraft 1.21.10 (minecraft)
		NeoForge 21.10.63 (neoforge)
[02dez.2025 22:16:40.949] [main/DEBUG] [net.neoforged.fml.loading.ModSorter/]: Configured system mods: [minecraft, neoforge]
[02dez.2025 22:16:40.950] [main/DEBUG] [net.neoforged.fml.loading.ModSorter/]: Found system mod: minecraft
[02dez.2025 22:16:40.950] [main/DEBUG] [net.neoforged.fml.loading.ModSorter/]: Found system mod: neoforge
[02dez.2025 22:16:40.954] [main/DEBUG] [net.neoforged.fml.loading.ModSorter/LOADING]: Found 2 mod requirements (2 mandatory, 0 optional)
[02dez.2025 22:16:40.955] [main/DEBUG] [net.neoforged.fml.loading.ModSorter/LOADING]: Found 0 mod requirements missing (0 mandatory, 0 optional)
[02dez.2025 22:16:41.138] [main/INFO] [mixin/]: SpongePowered MIXIN Subsystem Version=0.8.7 Source=file:/C:/Users/pedro/OneDrive/%c3%81rea%20de%20Trabalho/server_mine/minecraft-servidor-01/server/libraries/net/fabricmc/sponge-mixin/0.16.5+mixin.0.8.7/sponge-mixin-0.16.5+mixin.0.8.7.jar Service=FML Env=SERVER
[02dez.2025 22:16:41.159] [main/DEBUG] [mixin/]: Initialising Mixin Platform Manager
[02dez.2025 22:16:41.160] [main/DEBUG] [mixin/]: Adding mixin platform agents for container ContainerHandleVirtual(fml:18c85)
[02dez.2025 22:16:41.161] [main/DEBUG] [mixin/]: Instancing new MixinPlatformAgentDefault for ContainerHandleVirtual(fml:18c85)
[02dez.2025 22:16:41.162] [main/DEBUG] [mixin/]: MixinPlatformAgentDefault accepted container ContainerHandleVirtual(fml:18c85)
[02dez.2025 22:16:41.162] [main/DEBUG] [mixin/]: Instancing new MixinPlatformAgentDefault for ContainerHandleVirtual(fml:18c85)
[02dez.2025 22:16:41.162] [main/DEBUG] [mixin/]: MixinPlatformAgentDefault accepted container ContainerHandleVirtual(fml:18c85)
[02dez.2025 22:16:41.163] [main/DEBUG] [mixin/]: Processing prepare() for PlatformAgent[MixinPlatformAgentDefault:ContainerHandleVirtual(fml:18c85)]
[02dez.2025 22:16:41.163] [main/DEBUG] [mixin/]: Processing prepare() for PlatformAgent[MixinPlatformAgentDefault:ContainerHandleVirtual(fml:18c85)]
[02dez.2025 22:16:41.165] [main/INFO] [net.neoforged.fml.loading.FMLLoader/]: Loading FML Plugins:
[02dez.2025 22:16:41.166] [main/INFO] [net.neoforged.fml.loading.FMLLoader/]:  - ~libraries/net/neoforged/neoforge/21.10.63/neoforge-21.10.63-universal.jar > net.neoforged.neoforge-coremods-21.10.63.jar
[02dez.2025 22:16:41.172] [main/DEBUG] [net.neoforged.fml.util.ServiceLoaderUtil/CORE]: Found 2 implementations of IModLanguageLoader:
[02dez.2025 22:16:41.173] [main/DEBUG] [net.neoforged.fml.util.ServiceLoaderUtil/CORE]: 	net.neoforged.fml.javafmlmod.FMLJavaModLanguageProvider from libraries/net/neoforged/fancymodloader/loader/10.0.32/loader-10.0.32.jar
[02dez.2025 22:16:41.173] [main/DEBUG] [net.neoforged.fml.util.ServiceLoaderUtil/CORE]: 	net.neoforged.fml.mclanguageprovider.MinecraftModLanguageProvider from libraries/net/neoforged/fancymodloader/loader/10.0.32/loader-10.0.32.jar
[02dez.2025 22:16:41.174] [main/DEBUG] [net.neoforged.fml.loading.LanguageProviderLoader/CORE]: Found language provider javafml, version 10.0
[02dez.2025 22:16:41.175] [main/DEBUG] [net.neoforged.fml.loading.LanguageProviderLoader/CORE]: Found language provider minecraft, version 10.0
[02dez.2025 22:16:41.179] [main/DEBUG] [net.neoforged.fml.loading.FMLLoader/]: Adding Access Transformer META-INF/neoforge.accesstransformer.cfg in jar(mods/FallingTree-1.21.10-1.21.10.1.jar)
[02dez.2025 22:16:41.189] [main/DEBUG] [net.neoforged.fml.loading.FMLLoader/]: Adding Access Transformer META-INF/accesstransformer.cfg in jar(~libraries/net/neoforged/neoforge/21.10.63/neoforge-21.10.63-universal.jar)
[02dez.2025 22:16:41.214] [main/DEBUG] [net.neoforged.fml.loading.FMLLoader/]: Adding Access Transformer META-INF/accesstransformergenerated.cfg in jar(~libraries/net/neoforged/neoforge/21.10.63/neoforge-21.10.63-universal.jar)
[02dez.2025 22:16:41.234] [main/DEBUG] [net.neoforged.fml.util.ServiceLoaderUtil/CORE]: Found 4 implementations of ClassProcessor:
[02dez.2025 22:16:41.234] [main/DEBUG] [net.neoforged.fml.util.ServiceLoaderUtil/CORE]: 	[built-in] net.neoforged.fml.common.asm.AccessTransformerService from libraries/net/neoforged/fancymodloader/loader/10.0.32/loader-10.0.32.jar
[02dez.2025 22:16:41.235] [main/DEBUG] [net.neoforged.fml.util.ServiceLoaderUtil/CORE]: 	[built-in] net.neoforged.fml.common.asm.enumextension.RuntimeEnumExtender from libraries/net/neoforged/fancymodloader/loader/10.0.32/loader-10.0.32.jar
[02dez.2025 22:16:41.235] [main/DEBUG] [net.neoforged.fml.util.ServiceLoaderUtil/CORE]: 	[built-in] net.neoforged.fml.common.asm.SimpleProcessorsGroup from libraries/net/neoforged/fancymodloader/loader/10.0.32/loader-10.0.32.jar
[02dez.2025 22:16:41.235] [main/DEBUG] [net.neoforged.fml.util.ServiceLoaderUtil/CORE]: 	[built-in] net.neoforged.fml.loading.mixin.FMLMixinClassProcessor from libraries/net/neoforged/fancymodloader/loader/10.0.32/loader-10.0.32.jar
[02dez.2025 22:16:41.238] [main/DEBUG] [net.neoforged.fml.util.ServiceLoaderUtil/CORE]: Found 1 implementations of ClassProcessorProvider:
[02dez.2025 22:16:41.238] [main/DEBUG] [net.neoforged.fml.util.ServiceLoaderUtil/CORE]: 	net.neoforged.neoforge.coremods.NeoForgeCoreMod from ~libraries/net/neoforged/neoforge/21.10.63/neoforge-21.10.63-universal.jar > net.neoforged.neoforge-coremods-21.10.63.jar
[02dez.2025 22:16:41.277] [main/INFO] [net.neoforged.fml.loading.FMLLoader/]: Building game content classloader:
 - fallingtree (jar(mods/FallingTree-1.21.10-1.21.10.1.jar))
 - minecraft (jar(~libraries/net/neoforged/minecraft-server-patched/21.10.63/minecraft-server-patched-21.10.63.jar))
 - mixinextras.neoforge (jar(~libraries/net/neoforged/neoforge/21.10.63/neoforge-21.10.63-universal.jar > mixinextras-neoforge-0.5.0.jar))
 - neoforge (jar(~libraries/net/neoforged/neoforge/21.10.63/neoforge-21.10.63-universal.jar))
 - net.neoforged.fml.generated (empty(VirtualJar/net.neoforged.fml.generated))
[02dez.2025 22:16:41.294] [main/INFO] [net.neoforged.fml.loading.FMLLoader/]: Built game content classloader in 28ms
[02dez.2025 22:16:41.344] [main/DEBUG] [mixin/]: Processing launch tasks for PlatformAgent[MixinPlatformAgentDefault:ContainerHandleVirtual(fml:18c85)]
[02dez.2025 22:16:41.345] [main/DEBUG] [mixin/]: Processing launch tasks for PlatformAgent[MixinPlatformAgentDefault:ContainerHandleVirtual(fml:18c85)]
[02dez.2025 22:16:41.345] [main/DEBUG] [mixin/]: Adding agents for Mixin Container jar(~libraries/net/neoforged/neoforge/21.10.63/neoforge-21.10.63-universal.jar) > jar(~libraries/net/neoforged/neoforge/21.10.63/neoforge-21.10.63-universal.jar > net.neoforged.neoforge-coremods-21.10.63.jar)
[02dez.2025 22:16:41.345] [main/DEBUG] [mixin/]: Adding mixin platform agents for container jar(~libraries/net/neoforged/neoforge/21.10.63/neoforge-21.10.63-universal.jar) > jar(~libraries/net/neoforged/neoforge/21.10.63/neoforge-21.10.63-universal.jar > net.neoforged.neoforge-coremods-21.10.63.jar)
[02dez.2025 22:16:41.346] [main/DEBUG] [mixin/]: Instancing new MixinPlatformAgentDefault for jar(~libraries/net/neoforged/neoforge/21.10.63/neoforge-21.10.63-universal.jar) > jar(~libraries/net/neoforged/neoforge/21.10.63/neoforge-21.10.63-universal.jar > net.neoforged.neoforge-coremods-21.10.63.jar)
[02dez.2025 22:16:41.346] [main/DEBUG] [mixin/]: MixinPlatformAgentDefault accepted container jar(~libraries/net/neoforged/neoforge/21.10.63/neoforge-21.10.63-universal.jar) > jar(~libraries/net/neoforged/neoforge/21.10.63/neoforge-21.10.63-universal.jar > net.neoforged.neoforge-coremods-21.10.63.jar)
[02dez.2025 22:16:41.346] [main/DEBUG] [mixin/]: Instancing new MixinPlatformAgentDefault for jar(~libraries/net/neoforged/neoforge/21.10.63/neoforge-21.10.63-universal.jar) > jar(~libraries/net/neoforged/neoforge/21.10.63/neoforge-21.10.63-universal.jar > net.neoforged.neoforge-coremods-21.10.63.jar)
[02dez.2025 22:16:41.346] [main/DEBUG] [mixin/]: MixinPlatformAgentDefault accepted container jar(~libraries/net/neoforged/neoforge/21.10.63/neoforge-21.10.63-universal.jar) > jar(~libraries/net/neoforged/neoforge/21.10.63/neoforge-21.10.63-universal.jar > net.neoforged.neoforge-coremods-21.10.63.jar)
[02dez.2025 22:16:41.347] [main/DEBUG] [mixin/]: Processing prepare() for PlatformAgent[MixinPlatformAgentDefault:jar(~libraries/net/neoforged/neoforge/21.10.63/neoforge-21.10.63-universal.jar) > jar(~libraries/net/neoforged/neoforge/21.10.63/neoforge-21.10.63-universal.jar > net.neoforged.neoforge-coremods-21.10.63.jar)]
[02dez.2025 22:16:41.347] [main/DEBUG] [mixin/]: Processing prepare() for PlatformAgent[MixinPlatformAgentDefault:jar(~libraries/net/neoforged/neoforge/21.10.63/neoforge-21.10.63-universal.jar) > jar(~libraries/net/neoforged/neoforge/21.10.63/neoforge-21.10.63-universal.jar > net.neoforged.neoforge-coremods-21.10.63.jar)]
[02dez.2025 22:16:41.347] [main/DEBUG] [mixin/]: Adding agents for Mixin Container jar(~libraries/net/neoforged/neoforge/21.10.63/neoforge-21.10.63-universal.jar) > jar(~libraries/net/neoforged/neoforge/21.10.63/neoforge-21.10.63-universal.jar > mixinextras-neoforge-0.5.0.jar)
[02dez.2025 22:16:41.347] [main/DEBUG] [mixin/]: Adding mixin platform agents for container jar(~libraries/net/neoforged/neoforge/21.10.63/neoforge-21.10.63-universal.jar) > jar(~libraries/net/neoforged/neoforge/21.10.63/neoforge-21.10.63-universal.jar > mixinextras-neoforge-0.5.0.jar)
[02dez.2025 22:16:41.347] [main/DEBUG] [mixin/]: Instancing new MixinPlatformAgentDefault for jar(~libraries/net/neoforged/neoforge/21.10.63/neoforge-21.10.63-universal.jar) > jar(~libraries/net/neoforged/neoforge/21.10.63/neoforge-21.10.63-universal.jar > mixinextras-neoforge-0.5.0.jar)
[02dez.2025 22:16:41.348] [main/DEBUG] [mixin/]: MixinPlatformAgentDefault accepted container jar(~libraries/net/neoforged/neoforge/21.10.63/neoforge-21.10.63-universal.jar) > jar(~libraries/net/neoforged/neoforge/21.10.63/neoforge-21.10.63-universal.jar > mixinextras-neoforge-0.5.0.jar)
[02dez.2025 22:16:41.348] [main/DEBUG] [mixin/]: Instancing new MixinPlatformAgentDefault for jar(~libraries/net/neoforged/neoforge/21.10.63/neoforge-21.10.63-universal.jar) > jar(~libraries/net/neoforged/neoforge/21.10.63/neoforge-21.10.63-universal.jar > mixinextras-neoforge-0.5.0.jar)
[02dez.2025 22:16:41.348] [main/DEBUG] [mixin/]: MixinPlatformAgentDefault accepted container jar(~libraries/net/neoforged/neoforge/21.10.63/neoforge-21.10.63-universal.jar) > jar(~libraries/net/neoforged/neoforge/21.10.63/neoforge-21.10.63-universal.jar > mixinextras-neoforge-0.5.0.jar)
[02dez.2025 22:16:41.348] [main/DEBUG] [mixin/]: Processing prepare() for PlatformAgent[MixinPlatformAgentDefault:jar(~libraries/net/neoforged/neoforge/21.10.63/neoforge-21.10.63-universal.jar) > jar(~libraries/net/neoforged/neoforge/21.10.63/neoforge-21.10.63-universal.jar > mixinextras-neoforge-0.5.0.jar)]
[02dez.2025 22:16:41.348] [main/DEBUG] [mixin/]: Registering mixin config: mixinextras.init.mixins.json source=jar(~libraries/net/neoforged/neoforge/21.10.63/neoforge-21.10.63-universal.jar) > jar(~libraries/net/neoforged/neoforge/21.10.63/neoforge-21.10.63-universal.jar > mixinextras-neoforge-0.5.0.jar)
[02dez.2025 22:16:41.351] [main/DEBUG] [mixin/]: Processing prepare() for PlatformAgent[MixinPlatformAgentDefault:jar(~libraries/net/neoforged/neoforge/21.10.63/neoforge-21.10.63-universal.jar) > jar(~libraries/net/neoforged/neoforge/21.10.63/neoforge-21.10.63-universal.jar > mixinextras-neoforge-0.5.0.jar)]
[02dez.2025 22:16:41.351] [main/DEBUG] [mixin/]: Registering mixin config: mixinextras.init.mixins.json source=jar(~libraries/net/neoforged/neoforge/21.10.63/neoforge-21.10.63-universal.jar) > jar(~libraries/net/neoforged/neoforge/21.10.63/neoforge-21.10.63-universal.jar > mixinextras-neoforge-0.5.0.jar)
[02dez.2025 22:16:41.351] [main/DEBUG] [mixin/]: inject() running with 3 agents
[02dez.2025 22:16:41.352] [main/DEBUG] [mixin/]: Processing inject() for PlatformAgent[MixinPlatformAgentDefault:ContainerHandleVirtual(fml:18c85)]
[02dez.2025 22:16:41.352] [main/DEBUG] [mixin/]: Processing inject() for PlatformAgent[MixinPlatformAgentDefault:ContainerHandleVirtual(fml:18c85)]
[02dez.2025 22:16:41.352] [main/DEBUG] [mixin/]: Processing inject() for PlatformAgent[MixinPlatformAgentDefault:jar(~libraries/net/neoforged/neoforge/21.10.63/neoforge-21.10.63-universal.jar) > jar(~libraries/net/neoforged/neoforge/21.10.63/neoforge-21.10.63-universal.jar > net.neoforged.neoforge-coremods-21.10.63.jar)]
[02dez.2025 22:16:41.352] [main/DEBUG] [mixin/]: Processing inject() for PlatformAgent[MixinPlatformAgentDefault:jar(~libraries/net/neoforged/neoforge/21.10.63/neoforge-21.10.63-universal.jar) > jar(~libraries/net/neoforged/neoforge/21.10.63/neoforge-21.10.63-universal.jar > net.neoforged.neoforge-coremods-21.10.63.jar)]
[02dez.2025 22:16:41.352] [main/DEBUG] [mixin/]: Processing inject() for PlatformAgent[MixinPlatformAgentDefault:jar(~libraries/net/neoforged/neoforge/21.10.63/neoforge-21.10.63-universal.jar) > jar(~libraries/net/neoforged/neoforge/21.10.63/neoforge-21.10.63-universal.jar > mixinextras-neoforge-0.5.0.jar)]
[02dez.2025 22:16:41.353] [main/DEBUG] [mixin/]: Processing inject() for PlatformAgent[MixinPlatformAgentDefault:jar(~libraries/net/neoforged/neoforge/21.10.63/neoforge-21.10.63-universal.jar) > jar(~libraries/net/neoforged/neoforge/21.10.63/neoforge-21.10.63-universal.jar > mixinextras-neoforge-0.5.0.jar)]
[02dez.2025 22:16:41.356] [main/DEBUG] [mixin/]: Preparing mixins for MixinEnvironment[DEFAULT]
[02dez.2025 22:16:41.356] [main/DEBUG] [mixin/]: Selecting config neoforge.mixins.json
[02dez.2025 22:16:41.359] [main/DEBUG] [mixin/]: Selecting config mixinextras.init.mixins.json
[02dez.2025 22:16:41.420] [main/DEBUG] [MixinExtras|Service/]: com.llamalad7.mixinextras.service.MixinExtrasServiceImpl(version=0.5.0) is taking over from null
[02dez.2025 22:16:41.458] [main/DEBUG] [mixin/]: Registering new injector for @Inject with org.spongepowered.asm.mixin.injection.struct.CallbackInjectionInfo
[02dez.2025 22:16:41.460] [main/DEBUG] [mixin/]: Registering new injector for @ModifyArg with org.spongepowered.asm.mixin.injection.struct.ModifyArgInjectionInfo
[02dez.2025 22:16:41.461] [main/DEBUG] [mixin/]: Registering new injector for @ModifyArgs with org.spongepowered.asm.mixin.injection.struct.ModifyArgsInjectionInfo
[02dez.2025 22:16:41.462] [main/DEBUG] [mixin/]: Registering new injector for @Redirect with org.spongepowered.asm.mixin.injection.struct.RedirectInjectionInfo
[02dez.2025 22:16:41.463] [main/DEBUG] [mixin/]: Registering new injector for @ModifyVariable with org.spongepowered.asm.mixin.injection.struct.ModifyVariableInjectionInfo
[02dez.2025 22:16:41.465] [main/DEBUG] [mixin/]: Registering new injector for @ModifyConstant with org.spongepowered.asm.mixin.injection.struct.ModifyConstantInjectionInfo
[02dez.2025 22:16:41.481] [main/DEBUG] [mixin/]: Preparing neoforge.mixins.json (2)
[02dez.2025 22:16:41.570] [main/DEBUG] [mixin/]: Preparing mixinextras.init.mixins.json (0)
[02dez.2025 22:16:41.590] [main/DEBUG] [io.netty.util.internal.logging.InternalLoggerFactory/]: Using SLF4J as the default logging framework
[02dez.2025 22:16:41.592] [main/DEBUG] [io.netty.util.ResourceLeakDetector/]: -Dio.netty.leakDetection.level: simple
[02dez.2025 22:16:41.592] [main/DEBUG] [io.netty.util.ResourceLeakDetector/]: -Dio.netty.leakDetection.targetRecords: 4
[02dez.2025 22:16:42.625] [main/INFO] [MixinExtras|Service/]: Initializing MixinExtras via com.llamalad7.mixinextras.service.MixinExtrasServiceImpl(version=0.5.0).
[02dez.2025 22:16:42.627] [main/DEBUG] [mixin/]: Registering new injector for @SugarWrapper with com.llamalad7.mixinextras.sugar.impl.SugarWrapperInjectionInfo
[02dez.2025 22:16:42.628] [main/DEBUG] [mixin/]: Registering new injector for @FactoryRedirectWrapper with com.llamalad7.mixinextras.wrapper.factory.FactoryRedirectWrapperInjectionInfo
[02dez.2025 22:16:42.629] [main/DEBUG] [mixin/]: Registering new injector for @ExpressionInjectorWrapper with com.llamalad7.mixinextras.expression.impl.wrapper.ExpressionInjectorWrapperInjectionInfo
[02dez.2025 22:16:42.644] [main/DEBUG] [mixin/]: Mixing MappedRegistryAccessor from neoforge.mixins.json into net.minecraft.core.MappedRegistry
[02dez.2025 22:16:43.913] [main/DEBUG] [mixin/]: Mixing BlockEntityTypeAccessor from neoforge.mixins.json into net.minecraft.world.level.block.entity.BlockEntityType
[02dez.2025 22:16:45.705] [main/DEBUG] [io.netty.util.internal.PlatformDependent0/]: -Dio.netty.noUnsafe: false
[02dez.2025 22:16:45.706] [main/DEBUG] [io.netty.util.internal.PlatformDependent0/]: Java version: 23
[02dez.2025 22:16:45.706] [main/DEBUG] [io.netty.util.internal.PlatformDependent0/]: sun.misc.Unsafe.theUnsafe: available
[02dez.2025 22:16:45.707] [main/DEBUG] [io.netty.util.internal.PlatformDependent0/]: sun.misc.Unsafe base methods: all available
[02dez.2025 22:16:45.707] [main/DEBUG] [io.netty.util.internal.PlatformDependent0/]: sun.misc.Unsafe.storeFence: available
[02dez.2025 22:16:45.708] [main/DEBUG] [io.netty.util.internal.PlatformDependent0/]: java.nio.Buffer.address: available
[02dez.2025 22:16:45.709] [main/DEBUG] [io.netty.util.internal.PlatformDependent0/]: java.nio.Bits.unaligned: available, true
[02dez.2025 22:16:45.711] [main/DEBUG] [io.netty.util.internal.PlatformDependent0/]: java.nio.DirectByteBuffer.<init>(long, {int,long}): unavailable
[02dez.2025 22:16:45.711] [main/DEBUG] [io.netty.util.internal.PlatformDependent/]: sun.misc.Unsafe: available
[02dez.2025 22:16:45.712] [main/DEBUG] [io.netty.util.internal.PlatformDependent/]: -Dio.netty.tmpdir: C:\Users\pedro\AppData\Local\Temp (java.io.tmpdir)
[02dez.2025 22:16:45.712] [main/DEBUG] [io.netty.util.internal.PlatformDependent/]: -Dio.netty.bitMode: 64 (sun.arch.data.model)
[02dez.2025 22:16:45.712] [main/DEBUG] [io.netty.util.internal.PlatformDependent/]: Platform: Windows
[02dez.2025 22:16:45.713] [main/DEBUG] [io.netty.util.internal.PlatformDependent/]: -Dio.netty.maxDirectMemory: -1 bytes
[02dez.2025 22:16:45.713] [main/DEBUG] [io.netty.util.internal.PlatformDependent/]: -Dio.netty.uninitializedArrayAllocationThreshold: -1
[02dez.2025 22:16:45.714] [main/DEBUG] [io.netty.util.internal.CleanerJava9/]: java.nio.ByteBuffer.cleaner(): available
[02dez.2025 22:16:45.715] [main/DEBUG] [io.netty.util.internal.PlatformDependent/]: -Dio.netty.noPreferDirect: false
[02dez.2025 22:16:48.872] [main/DEBUG] [net.neoforged.fml.ModWorkManager/LOADING]: Using 8 threads for parallel mod-loading
[02dez.2025 22:16:48.886] [main/DEBUG] [net.neoforged.fml.javafmlmod.FMLModContainer/LOADING]: Creating FMLModContainer instance for fallingtree with entrypoints [fr.rakambda.fallingtree.neoforge.FallingTree]
[02dez.2025 22:16:48.895] [main/DEBUG] [net.neoforged.fml.javafmlmod.FMLModContainer/LOADING]: Creating FMLModContainer instance for neoforge with entrypoints [net.neoforged.neoforge.common.NeoForgeMod, net.neoforged.neoforge.common.OnlyInWarningsHandler]
[02dez.2025 22:16:48.926] [modloading-worker-0/INFO] [net.neoforged.neoforge.common.NeoForgeMod/NEOFORGE-MOD]: NeoForge mod loading, version 21.10.63, for MC 1.21.10
[02dez.2025 22:16:48.963] [modloading-worker-0/DEBUG] [net.neoforged.fml.config.ConfigTracker/CONFIG]: Config file neoforge-server.toml for neoforge tracking
[02dez.2025 22:16:48.967] [modloading-worker-0/DEBUG] [net.neoforged.fml.config.ConfigTracker/CONFIG]: Config file neoforge-common.toml for neoforge tracking
[02dez.2025 22:16:48.971] [modloading-worker-0/DEBUG] [net.neoforged.fml.javafmlmod.AutomaticEventSubscriber/LOADING]: Attempting to inject @EventBusSubscriber classes into the eventbus for fallingtree
[02dez.2025 22:16:49.020] [modloading-worker-0/DEBUG] [net.neoforged.fml.javafmlmod.AutomaticEventSubscriber/LOADING]: Attempting to inject @EventBusSubscriber classes into the eventbus for neoforge
[02dez.2025 22:16:49.021] [modloading-worker-0/DEBUG] [net.neoforged.fml.javafmlmod.AutomaticEventSubscriber/LOADING]: Scanning class net.neoforged.neoforge.attachment.AttachmentInternals for @SubscribeEvent-annotated methods
[02dez.2025 22:16:49.024] [modloading-worker-0/DEBUG] [net.neoforged.fml.javafmlmod.AutomaticEventSubscriber/LOADING]: Subscribing method public static void net.neoforged.neoforge.attachment.AttachmentInternals.onLivingConvert(net.neoforged.neoforge.event.entity.living.LivingConversionEvent$Post) to the game event bus
[02dez.2025 22:16:49.026] [modloading-worker-0/DEBUG] [net.neoforged.fml.javafmlmod.AutomaticEventSubscriber/LOADING]: Subscribing method public static void net.neoforged.neoforge.attachment.AttachmentInternals.onPlayerClone(net.neoforged.neoforge.event.entity.player.PlayerEvent$Clone) to the game event bus
[02dez.2025 22:16:49.026] [modloading-worker-0/DEBUG] [net.neoforged.fml.javafmlmod.AutomaticEventSubscriber/LOADING]: Scanning class net.neoforged.neoforge.attachment.AttachmentSync for @SubscribeEvent-annotated methods
[02dez.2025 22:16:49.030] [modloading-worker-0/DEBUG] [net.neoforged.fml.javafmlmod.AutomaticEventSubscriber/LOADING]: Subscribing method public static void net.neoforged.neoforge.attachment.AttachmentSync.onChunkSent(net.neoforged.neoforge.event.level.ChunkWatchEvent$Sent) to the game event bus
[02dez.2025 22:16:49.031] [modloading-worker-0/DEBUG] [net.neoforged.fml.javafmlmod.AutomaticEventSubscriber/LOADING]: Scanning class net.neoforged.neoforge.common.MonsterRoomHooks for @SubscribeEvent-annotated methods
[02dez.2025 22:16:49.031] [modloading-worker-0/DEBUG] [net.neoforged.fml.javafmlmod.AutomaticEventSubscriber/LOADING]: Subscribing method public static void net.neoforged.neoforge.common.MonsterRoomHooks.onDataMapsUpdated(net.neoforged.neoforge.registries.datamaps.DataMapsUpdatedEvent) to the game event bus
[02dez.2025 22:16:49.032] [modloading-worker-0/DEBUG] [net.neoforged.fml.javafmlmod.AutomaticEventSubscriber/LOADING]: Scanning class net.neoforged.neoforge.network.ConfigurationInitialization for @SubscribeEvent-annotated methods
[02dez.2025 22:16:49.035] [modloading-worker-0/DEBUG] [net.neoforged.fml.javafmlmod.AutomaticEventSubscriber/LOADING]: Subscribing method private static void net.neoforged.neoforge.network.ConfigurationInitialization.configureModdedClient(net.neoforged.neoforge.network.event.RegisterConfigurationTasksEvent) to the event bus of mod neoforge
[02dez.2025 22:16:49.036] [modloading-worker-0/DEBUG] [net.neoforged.fml.javafmlmod.AutomaticEventSubscriber/LOADING]: Scanning class net.neoforged.neoforge.network.NetworkInitialization for @SubscribeEvent-annotated methods
[02dez.2025 22:16:49.037] [modloading-worker-0/DEBUG] [net.neoforged.fml.javafmlmod.AutomaticEventSubscriber/LOADING]: Subscribing method private static void net.neoforged.neoforge.network.NetworkInitialization.register(net.neoforged.neoforge.network.event.RegisterPayloadHandlersEvent) to the event bus of mod neoforge
[02dez.2025 22:16:49.037] [modloading-worker-0/DEBUG] [net.neoforged.fml.javafmlmod.AutomaticEventSubscriber/LOADING]: Scanning class net.neoforged.neoforge.network.filters.GenericPacketSplitter for @SubscribeEvent-annotated methods
[02dez.2025 22:16:49.058] [modloading-worker-0/DEBUG] [io.netty.buffer.AbstractByteBuf/]: -Dio.netty.buffer.checkAccessible: true
[02dez.2025 22:16:49.058] [modloading-worker-0/DEBUG] [io.netty.buffer.AbstractByteBuf/]: -Dio.netty.buffer.checkBounds: true
[02dez.2025 22:16:49.059] [modloading-worker-0/DEBUG] [io.netty.util.ResourceLeakDetectorFactory/]: Loaded default ResourceLeakDetector: io.netty.util.ResourceLeakDetector@53cf4c8
[02dez.2025 22:16:49.067] [modloading-worker-0/DEBUG] [io.netty.util.internal.InternalThreadLocalMap/]: -Dio.netty.threadLocalMap.stringBuilder.initialSize: 1024
[02dez.2025 22:16:49.067] [modloading-worker-0/DEBUG] [io.netty.util.internal.InternalThreadLocalMap/]: -Dio.netty.threadLocalMap.stringBuilder.maxSize: 4096
[02dez.2025 22:16:49.069] [modloading-worker-0/DEBUG] [io.netty.buffer.PooledByteBufAllocator/]: -Dio.netty.allocator.numHeapArenas: 16
[02dez.2025 22:16:49.069] [modloading-worker-0/DEBUG] [io.netty.buffer.PooledByteBufAllocator/]: -Dio.netty.allocator.numDirectArenas: 16
[02dez.2025 22:16:49.069] [modloading-worker-0/DEBUG] [io.netty.buffer.PooledByteBufAllocator/]: -Dio.netty.allocator.pageSize: 8192
[02dez.2025 22:16:49.069] [modloading-worker-0/DEBUG] [io.netty.buffer.PooledByteBufAllocator/]: -Dio.netty.allocator.maxOrder: 9
[02dez.2025 22:16:49.069] [modloading-worker-0/DEBUG] [io.netty.buffer.PooledByteBufAllocator/]: -Dio.netty.allocator.chunkSize: 4194304
[02dez.2025 22:16:49.069] [modloading-worker-0/DEBUG] [io.netty.buffer.PooledByteBufAllocator/]: -Dio.netty.allocator.smallCacheSize: 256
[02dez.2025 22:16:49.069] [modloading-worker-0/DEBUG] [io.netty.buffer.PooledByteBufAllocator/]: -Dio.netty.allocator.normalCacheSize: 64
[02dez.2025 22:16:49.070] [modloading-worker-0/DEBUG] [io.netty.buffer.PooledByteBufAllocator/]: -Dio.netty.allocator.maxCachedBufferCapacity: 32768
[02dez.2025 22:16:49.070] [modloading-worker-0/DEBUG] [io.netty.buffer.PooledByteBufAllocator/]: -Dio.netty.allocator.cacheTrimInterval: 8192
[02dez.2025 22:16:49.070] [modloading-worker-0/DEBUG] [io.netty.buffer.PooledByteBufAllocator/]: -Dio.netty.allocator.cacheTrimIntervalMillis: 0
[02dez.2025 22:16:49.070] [modloading-worker-0/DEBUG] [io.netty.buffer.PooledByteBufAllocator/]: -Dio.netty.allocator.useCacheForAllThreads: false
[02dez.2025 22:16:49.070] [modloading-worker-0/DEBUG] [io.netty.buffer.PooledByteBufAllocator/]: -Dio.netty.allocator.maxCachedByteBuffersPerChunk: 1023
[02dez.2025 22:16:49.070] [modloading-worker-0/DEBUG] [io.netty.buffer.PooledByteBufAllocator/]: -Dio.netty.allocator.disableCacheFinalizersForFastThreadLocalThreads: false
[02dez.2025 22:16:49.076] [modloading-worker-0/DEBUG] [io.netty.buffer.ByteBufUtil/]: -Dio.netty.allocator.type: pooled
[02dez.2025 22:16:49.076] [modloading-worker-0/DEBUG] [io.netty.buffer.ByteBufUtil/]: -Dio.netty.threadLocalDirectBufferSize: 0
[02dez.2025 22:16:49.076] [modloading-worker-0/DEBUG] [io.netty.buffer.ByteBufUtil/]: -Dio.netty.maxThreadLocalCharBufferSize: 16384
[02dez.2025 22:16:49.081] [modloading-worker-0/DEBUG] [net.neoforged.fml.javafmlmod.AutomaticEventSubscriber/LOADING]: Subscribing method private static void net.neoforged.neoforge.network.filters.GenericPacketSplitter.register(net.neoforged.neoforge.network.event.RegisterPayloadHandlersEvent) to the event bus of mod neoforge
[02dez.2025 22:16:49.285] [modloading-sync-worker/DEBUG] [net.neoforged.fml.config.ConfigTracker/CONFIG]: Loading configs type COMMON
[02dez.2025 22:16:49.301] [modloading-sync-worker/DEBUG] [net.neoforged.neoforge.common.NeoForgeMod/FORGEMOD]: Loaded NeoForge config file neoforge-common.toml
[02dez.2025 22:16:49.301] [modloading-sync-worker/DEBUG] [net.neoforged.fml.config.ConfigTracker/CONFIG]: Loaded TOML config file C:\Users\pedro\OneDrive\Área de Trabalho\server_mine\minecraft-servidor-01\server\config\neoforge-common.toml
[02dez.2025 22:16:49.313] [modloading-sync-worker/DEBUG] [net.neoforged.fml.config.ConfigTracker/CONFIG]: Watching TOML config file C:\Users\pedro\OneDrive\Área de Trabalho\server_mine\minecraft-servidor-01\server\config\neoforge-common.toml for changes
[02dez.2025 22:16:49.320] [modloading-sync-worker/DEBUG] [net.neoforged.fml.DeferredWorkQueue/LOADING]: Dispatching synchronous work for work queue Common setup: 1 jobs
[02dez.2025 22:16:49.324] [modloading-sync-worker/DEBUG] [net.neoforged.fml.DeferredWorkQueue/LOADING]: Synchronous work queue completed in 1.355 ms
[02dez.2025 22:16:49.455] [main/INFO] [com.mojang.authlib.yggdrasil.YggdrasilAuthenticationService/]: Environment: Environment[sessionHost=https://sessionserver.mojang.com, servicesHost=https://api.minecraftservices.com, profilesHost=https://api.mojang.com, name=PROD]
[02dez.2025 22:16:49.564] [main/WARN] [net.neoforged.neoforge.common.CommonHooks/WP]: The following mods have version differences that were not resolved:
commonnetworking (version 1.0.21-1.21.10 -> MISSING)
configlibtxf (version 12.2.8-neoforge -> MISSING)
entity_model_features (version 3.0.7 -> MISSING)
entity_texture_features (version 7.0.6 -> MISSING)
fabric_api_base (version 0.4.42+d1308ded19 -> MISSING)
fabric_renderer_api_v1 (version 7.1.1 -> MISSING)
healthindicatortxf (version 1.21.10-1.3.9-neoforge -> MISSING)
iris (version 1.9.6+mc1.21.10 -> MISSING)
jei (version 26.2.0.27 -> MISSING)
journeymap (version 1.21.10-6.0.0-beta.54 -> MISSING)
journeymap_api (version 2.0.0 -> MISSING)
sodium (version 0.7.3+mc1.21.10 -> MISSING)
Things may not work well.
[02dez.2025 22:16:51.820] [main/INFO] [net.minecraft.world.item.crafting.RecipeManager/]: Loaded 1461 recipes
[02dez.2025 22:16:51.837] [main/INFO] [net.minecraft.advancements.AdvancementTree/]: Loaded 1574 advancements
[02dez.2025 22:16:51.839] [main/INFO] [net.neoforged.neoforge.common.crafting.RecipePriorityManager/]: Loaded 0 recipe priority overrides
[02dez.2025 22:16:51.912] [main/DEBUG] [net.neoforged.neoforge.common.CommonHooks/WP]: Gathered mod list to write to world save New World
[02dez.2025 22:16:52.470] [Server thread/INFO] [net.minecraft.server.dedicated.DedicatedServer/]: Starting minecraft server version 1.21.10
[02dez.2025 22:16:52.471] [Server thread/INFO] [net.minecraft.server.dedicated.DedicatedServer/]: Loading properties
[02dez.2025 22:16:52.472] [Server thread/INFO] [net.minecraft.server.dedicated.DedicatedServer/]: Default game type: SURVIVAL
[02dez.2025 22:16:52.473] [Server thread/INFO] [net.minecraft.server.MinecraftServer/]: Generating keypair
[02dez.2025 22:16:52.608] [Server thread/INFO] [net.minecraft.server.dedicated.DedicatedServer/]: Starting Minecraft server on 25.49.201.166:25565
[02dez.2025 22:16:52.608] [Server thread/DEBUG] [net.neoforged.neoforge.network.DualStackUtils/]: Detected IPv4 address: "25.49.201.166"
[02dez.2025 22:16:52.625] [Server thread/DEBUG] [io.netty.channel.MultithreadEventLoopGroup/]: -Dio.netty.eventLoopThreads: 16
[02dez.2025 22:16:52.634] [Server thread/DEBUG] [io.netty.util.concurrent.GlobalEventExecutor/]: -Dio.netty.globalEventExecutor.quietPeriodSeconds: 1
[02dez.2025 22:16:52.642] [Server thread/DEBUG] [io.netty.channel.nio.NioEventLoop/]: -Dio.netty.noKeySetOptimization: false
[02dez.2025 22:16:52.642] [Server thread/DEBUG] [io.netty.channel.nio.NioEventLoop/]: -Dio.netty.selectorAutoRebuildThreshold: 512
[02dez.2025 22:16:52.648] [Server thread/DEBUG] [io.netty.util.internal.PlatformDependent/]: org.jctools-core.MpscChunkedArrayQueue: available
[02dez.2025 22:16:52.668] [Server thread/INFO] [net.minecraft.server.network.ServerConnectionListener/]: Using default channel type
[02dez.2025 22:16:52.683] [Server thread/DEBUG] [io.netty.channel.DefaultChannelId/]: -Dio.netty.processId: 20048 (auto-detected)
[02dez.2025 22:16:52.685] [Server thread/DEBUG] [io.netty.util.NetUtil/]: -Djava.net.preferIPv4Stack: true
[02dez.2025 22:16:52.685] [Server thread/DEBUG] [io.netty.util.NetUtil/]: -Djava.net.preferIPv6Addresses: false
[02dez.2025 22:16:52.688] [Server thread/DEBUG] [io.netty.util.NetUtilInitializations/]: Loopback interface: loopback_0 (Software Loopback Interface 1, 0:0:0:0:0:0:0:1)
[02dez.2025 22:16:52.689] [Server thread/DEBUG] [io.netty.util.NetUtil/]: Failed to get SOMAXCONN from sysctl and file \proc\sys\net\core\somaxconn. Default: 200
[02dez.2025 22:16:52.689] [Server thread/DEBUG] [io.netty.channel.DefaultChannelId/]: -Dio.netty.machineId: 00:00:00:00:00:00:00:e0 (auto-detected)
[02dez.2025 22:16:52.704] [Server thread/DEBUG] [io.netty.bootstrap.ChannelInitializerExtensions/]: -Dio.netty.bootstrap.extensions: null
[02dez.2025 22:16:52.734] [Server thread/DEBUG] [net.neoforged.fml.config.ConfigTracker/CONFIG]: Loading configs type SERVER
[02dez.2025 22:16:52.737] [Server thread/DEBUG] [net.neoforged.neoforge.common.NeoForgeMod/FORGEMOD]: Loaded NeoForge config file neoforge-server.toml
[02dez.2025 22:16:52.737] [Server thread/DEBUG] [net.neoforged.fml.config.ConfigTracker/CONFIG]: Loaded TOML config file C:\Users\pedro\OneDrive\Área de Trabalho\server_mine\minecraft-servidor-01\server\config\neoforge-server.toml
[02dez.2025 22:16:52.737] [Server thread/DEBUG] [net.neoforged.fml.config.ConfigTracker/CONFIG]: Watching TOML config file C:\Users\pedro\OneDrive\Área de Trabalho\server_mine\minecraft-servidor-01\server\config\neoforge-server.toml for changes
[02dez.2025 22:16:52.771] [Server thread/INFO] [net.minecraft.server.dedicated.DedicatedServer/]: Preparing level "world"
[02dez.2025 22:16:53.160] [Server thread/INFO] [net.minecraft.server.level.progress.LoggingLevelLoadListener/]: Loading 0 persistent chunks...
[02dez.2025 22:16:53.189] [Server thread/INFO] [net.minecraft.server.level.progress.LoggingLevelLoadListener/]: Preparing spawn area: 100%
[02dez.2025 22:16:53.210] [Server thread/INFO] [net.minecraft.server.level.progress.LoggingLevelLoadListener/]: Time elapsed: 52 ms
[02dez.2025 22:16:53.217] [Server thread/INFO] [net.minecraft.server.dedicated.DedicatedServer/]: Done (0.483s)! For help, type "help"
[02dez.2025 22:16:53.253] [Server thread/DEBUG] [net.neoforged.neoforge.server.LanguageHook/]: Loaded 4 language files for en_us
[02dez.2025 22:16:53.260] [Server thread/INFO] [net.neoforged.neoforge.server.permission.PermissionAPI/]: Successfully initialized permission handler neoforge:default_handler
[02dez.2025 22:16:55.948] [Netty Server IO #1/DEBUG] [io.netty.util.Recycler/]: -Dio.netty.recycler.maxCapacityPerThread: 4096
[02dez.2025 22:16:55.948] [Netty Server IO #1/DEBUG] [io.netty.util.Recycler/]: -Dio.netty.recycler.ratio: 8
[02dez.2025 22:16:55.948] [Netty Server IO #1/DEBUG] [io.netty.util.Recycler/]: -Dio.netty.recycler.chunkSize: 32
[02dez.2025 22:16:55.948] [Netty Server IO #1/DEBUG] [io.netty.util.Recycler/]: -Dio.netty.recycler.blocking: false
[02dez.2025 22:16:55.948] [Netty Server IO #1/DEBUG] [io.netty.util.Recycler/]: -Dio.netty.recycler.batchFastThreadLocalOnly: true
[02dez.2025 22:16:56.694] [User Authenticator #1/INFO] [net.minecraft.server.network.ServerLoginPacketListenerImpl/]: UUID of player Scopel04 is ef121b35-b92d-4dcc-aa6f-24e46b44d548
[02dez.2025 22:16:56.822] [Netty Server IO #1/DEBUG] [net.neoforged.neoforge.network.filters.NetworkFilters/]: Injected net.neoforged.neoforge.network.filters.GenericPacketSplitter@73906bbf into net.minecraft.network.Connection@4d0df7ab
[02dez.2025 22:16:58.124] [Netty Server IO #1/DEBUG] [net.neoforged.neoforge.network.filters.NetworkFilters/]: Injected net.neoforged.neoforge.network.filters.GenericPacketSplitter@2c0a153c into net.minecraft.network.Connection@4d0df7ab
[02dez.2025 22:16:58.193] [Server thread/INFO] [net.minecraft.server.players.PlayerList/]: Scopel04[/25.49.201.99:49577] logged in with entity id 100 at (-6.5, 69.0, 9.5)
[02dez.2025 22:16:58.214] [Server thread/DEBUG] [net.neoforged.neoforge.common.CommonHooks/]: Sending 0 recipes of the following types: []
[02dez.2025 22:16:58.227] [Server thread/INFO] [net.minecraft.server.MinecraftServer/]: Scopel04 joined the game
[02dez.2025 22:17:16.684] [User Authenticator #2/INFO] [net.minecraft.server.network.ServerLoginPacketListenerImpl/]: UUID of player Bela7852 is 00f5e9d7-9b9f-405a-862b-d8a606b3120e
[02dez.2025 22:17:16.781] [Netty Server IO #2/DEBUG] [net.neoforged.neoforge.network.filters.NetworkFilters/]: Injected net.neoforged.neoforge.network.filters.GenericPacketSplitter@5b790285 into net.minecraft.network.Connection@1e7b978e
[02dez.2025 22:17:17.316] [Netty Server IO #2/DEBUG] [net.neoforged.neoforge.network.filters.NetworkFilters/]: Injected net.neoforged.neoforge.network.filters.GenericPacketSplitter@2faf0d68 into net.minecraft.network.Connection@1e7b978e
[02dez.2025 22:17:17.326] [Server thread/INFO] [net.minecraft.server.players.PlayerList/]: Bela7852[/25.44.177.84:61618] logged in with entity id 708 at (-0.5, 70.0, 0.5)
[02dez.2025 22:17:17.327] [Server thread/DEBUG] [net.neoforged.neoforge.common.CommonHooks/]: Sending 0 recipes of the following types: []
[02dez.2025 22:17:17.328] [Server thread/INFO] [net.minecraft.server.MinecraftServer/]: Bela7852 joined the game
[02dez.2025 22:17:18.034] [User Authenticator #3/INFO] [net.minecraft.server.network.ServerLoginPacketListenerImpl/]: UUID of player pedropcm123 is 8aefde7a-a3be-4385-a646-7cbd4b66c3e7
[02dez.2025 22:17:18.085] [Netty Server IO #3/DEBUG] [net.neoforged.neoforge.network.filters.NetworkFilters/]: Injected net.neoforged.neoforge.network.filters.GenericPacketSplitter@2568430a into net.minecraft.network.Connection@606ac9c3
[02dez.2025 22:17:18.426] [Netty Server IO #3/DEBUG] [net.neoforged.neoforge.network.filters.NetworkFilters/]: Injected net.neoforged.neoforge.network.filters.GenericPacketSplitter@17c62bc into net.minecraft.network.Connection@606ac9c3
[02dez.2025 22:17:18.453] [Server thread/INFO] [net.minecraft.server.players.PlayerList/]: pedropcm123[/25.49.201.166:63245] logged in with entity id 709 at (34.29994473617225, 72.162141421027, -16.31717126673731)
[02dez.2025 22:17:18.456] [Server thread/DEBUG] [net.neoforged.neoforge.common.CommonHooks/]: Sending 0 recipes of the following types: []
[02dez.2025 22:17:18.461] [Server thread/INFO] [net.minecraft.server.MinecraftServer/]: pedropcm123 joined the game
[02dez.2025 22:17:18.953] [Netty Server IO #3/WARN] [net.neoforged.neoforge.network.registration.NetworkRegistry/]: No registration for payload journeymap:version; refusing to decode.
[02dez.2025 22:17:44.127] [Server thread/INFO] [net.minecraft.server.network.ServerGamePacketListenerImpl/]: pedropcm123 lost connection: Disconnected
[02dez.2025 22:17:44.128] [Server thread/INFO] [net.minecraft.server.MinecraftServer/]: pedropcm123 left the game
[02dez.2025 22:17:47.666] [Server thread/DEBUG] [net.neoforged.fml.classloading.transformation.ClassTransformStatistics/]: Transformed/total loaded classes: 274/6223 (4,40%) and 5 parsed for mixin
[02dez.2025 22:17:47.667] [Server thread/INFO] [net.minecraft.server.MinecraftServer/]: Stopping server
[02dez.2025 22:17:47.667] [Server thread/INFO] [net.minecraft.server.MinecraftServer/]: Saving players
[02dez.2025 22:17:47.688] [Server thread/INFO] [net.minecraft.server.network.ServerGamePacketListenerImpl/]: Scopel04 lost connection: Server closed
[02dez.2025 22:17:47.689] [Server thread/INFO] [net.minecraft.server.MinecraftServer/]: Scopel04 left the game
[02dez.2025 22:17:47.699] [Server thread/INFO] [net.minecraft.server.MinecraftServer/]: Saving worlds
[02dez.2025 22:17:49.397] [Server thread/INFO] [net.minecraft.server.MinecraftServer/]: Saving chunks for level 'ServerLevel[New World]'/minecraft:overworld
[02dez.2025 22:17:49.630] [Server thread/INFO] [net.minecraft.server.MinecraftServer/]: Saving chunks for level 'ServerLevel[New World]'/minecraft:the_end
[02dez.2025 22:17:49.642] [Server thread/INFO] [net.minecraft.server.MinecraftServer/]: Saving chunks for level 'ServerLevel[New World]'/minecraft:the_nether
[02dez.2025 22:17:49.662] [Server thread/DEBUG] [net.neoforged.neoforge.common.CommonHooks/WP]: Gathered mod list to write to world save New World
[02dez.2025 22:17:49.669] [Server thread/INFO] [net.minecraft.server.MinecraftServer/]: ThreadedAnvilChunkStorage (world): All chunks are saved
[02dez.2025 22:17:49.670] [Server thread/INFO] [net.minecraft.server.MinecraftServer/]: ThreadedAnvilChunkStorage (DIM1): All chunks are saved
[02dez.2025 22:17:49.671] [Server thread/INFO] [net.minecraft.server.MinecraftServer/]: ThreadedAnvilChunkStorage (DIM-1): All chunks are saved
[02dez.2025 22:17:49.671] [Server thread/INFO] [net.minecraft.server.MinecraftServer/]: ThreadedAnvilChunkStorage: All dimensions are saved
[02dez.2025 22:17:49.729] [Server thread/DEBUG] [net.neoforged.fml.config.ConfigTracker/CONFIG]: Unloading configs type SERVER
[02dez.2025 22:17:49.731] [main/INFO] [net.neoforged.fml.loading.FMLLoader/]: Closing FML Loader 17a16e9d
[02dez.2025 22:17:49.731] [main/INFO] [net.neoforged.fml.ModLoader/]: Clearing ModLoader
